<?xml version="1.0" encoding="UTF-8"?>
<testng-results skipped="0" failed="0" ignored="0" total="2" passed="2">
  <reporter-output>
  </reporter-output>
  <suite name="Default suite" duration-ms="57" started-at="2018-09-22T16:39:38Z" finished-at="2018-09-22T16:39:38Z">
    <groups>
    </groups>
    <test name="Default test" duration-ms="57" started-at="2018-09-22T16:39:38Z" finished-at="2018-09-22T16:39:38Z">
      <class name="Testng.AsertacitimeTest">
        <test-method status="PASS" signature="configbeforeclass()[pri:0, instance:Testng.AsertacitimeTest@548a9f61]" name="configbeforeclass" is-config="true" duration-ms="11" started-at="2018-09-22T16:39:38Z" finished-at="2018-09-22T16:39:38Z">
          <reporter-output>
          </reporter-output>
        </test-method> <!-- configbeforeclass -->
        <test-method status="PASS" signature="configbeforemtd()[pri:0, instance:Testng.AsertacitimeTest@548a9f61]" name="configbeforemtd" is-config="true" duration-ms="0" started-at="2018-09-22T16:39:38Z" finished-at="2018-09-22T16:39:38Z">
          <reporter-output>
          </reporter-output>
        </test-method> <!-- configbeforemtd -->
        <test-method status="PASS" signature="createcustomerTest()[pri:0, instance:Testng.AsertacitimeTest@548a9f61]" name="createcustomerTest" duration-ms="7" started-at="2018-09-22T16:39:38Z" finished-at="2018-09-22T16:39:38Z">
          <reporter-output>
          </reporter-output>
        </test-method> <!-- createcustomerTest -->
        <test-method status="PASS" signature="configaftermtd()[pri:0, instance:Testng.AsertacitimeTest@548a9f61]" name="configaftermtd" is-config="true" duration-ms="1" started-at="2018-09-22T16:39:38Z" finished-at="2018-09-22T16:39:38Z">
          <reporter-output>
          </reporter-output>
        </test-method> <!-- configaftermtd -->
        <test-method status="PASS" signature="configbeforemtd()[pri:0, instance:Testng.AsertacitimeTest@548a9f61]" name="configbeforemtd" is-config="true" duration-ms="1" started-at="2018-09-22T16:39:38Z" finished-at="2018-09-22T16:39:38Z">
          <reporter-output>
          </reporter-output>
        </test-method> <!-- configbeforemtd -->
        <test-method status="PASS" signature="modifycustomerTest()[pri:0, instance:Testng.AsertacitimeTest@548a9f61]" name="modifycustomerTest" duration-ms="3" started-at="2018-09-22T16:39:38Z" finished-at="2018-09-22T16:39:38Z">
          <reporter-output>
          </reporter-output>
        </test-method> <!-- modifycustomerTest -->
        <test-method status="PASS" signature="configaftermtd()[pri:0, instance:Testng.AsertacitimeTest@548a9f61]" name="configaftermtd" is-config="true" duration-ms="1" started-at="2018-09-22T16:39:38Z" finished-at="2018-09-22T16:39:38Z">
          <reporter-output>
          </reporter-output>
        </test-method> <!-- configaftermtd -->
        <test-method status="PASS" signature="configafterclass()[pri:0, instance:Testng.AsertacitimeTest@548a9f61]" name="configafterclass" is-config="true" duration-ms="1" started-at="2018-09-22T16:39:38Z" finished-at="2018-09-22T16:39:38Z">
          <reporter-output>
          </reporter-output>
        </test-method> <!-- configafterclass -->
      </class> <!-- Testng.AsertacitimeTest -->
    </test> <!-- Default test -->
  </suite> <!-- Default suite -->
</testng-results>
