<?xml version="1.0" encoding="UTF-8"?>
<testng-results skipped="0" failed="0" ignored="0" total="2" passed="2">
  <reporter-output>
  </reporter-output>
  <suite name="Default suite" duration-ms="10721" started-at="2020-01-04T17:00:29Z" finished-at="2020-01-04T17:00:40Z">
    <groups>
    </groups>
    <test name="Default test" duration-ms="10721" started-at="2020-01-04T17:00:29Z" finished-at="2020-01-04T17:00:40Z">
      <class name="Testng.AsertacitimeTest">
        <test-method status="PASS" signature="beforeTest()[pri:0, instance:Testng.AsertacitimeTest@5aa9e4eb]" name="beforeTest" is-config="true" duration-ms="19" started-at="2020-01-04T17:00:29Z" finished-at="2020-01-04T17:00:29Z">
          <reporter-output>
          </reporter-output>
        </test-method> <!-- beforeTest -->
        <test-method status="PASS" signature="configbeforeclass()[pri:0, instance:Testng.AsertacitimeTest@5aa9e4eb]" name="configbeforeclass" is-config="true" duration-ms="10603" started-at="2020-01-04T17:00:29Z" finished-at="2020-01-04T17:00:40Z">
          <reporter-output>
          </reporter-output>
        </test-method> <!-- configbeforeclass -->
        <test-method status="PASS" signature="createcustomerTest()[pri:0, instance:Testng.AsertacitimeTest@5aa9e4eb]" name="createcustomerTest" duration-ms="25" started-at="2020-01-04T17:00:40Z" finished-at="2020-01-04T17:00:40Z">
          <reporter-output>
          </reporter-output>
        </test-method> <!-- createcustomerTest -->
        <test-method status="PASS" signature="configbeforemtd()[pri:0, instance:Testng.AsertacitimeTest@5aa9e4eb]" name="configbeforemtd" is-config="true" duration-ms="0" started-at="2020-01-04T17:00:40Z" finished-at="2020-01-04T17:00:40Z">
          <reporter-output>
          </reporter-output>
        </test-method> <!-- configbeforemtd -->
        <test-method status="PASS" signature="configaftermtd()[pri:0, instance:Testng.AsertacitimeTest@5aa9e4eb]" name="configaftermtd" is-config="true" duration-ms="1" started-at="2020-01-04T17:00:40Z" finished-at="2020-01-04T17:00:40Z">
          <reporter-output>
          </reporter-output>
        </test-method> <!-- configaftermtd -->
        <test-method status="PASS" signature="configbeforemtd()[pri:0, instance:Testng.AsertacitimeTest@5aa9e4eb]" name="configbeforemtd" is-config="true" duration-ms="1" started-at="2020-01-04T17:00:40Z" finished-at="2020-01-04T17:00:40Z">
          <reporter-output>
          </reporter-output>
        </test-method> <!-- configbeforemtd -->
        <test-method status="PASS" signature="modifycustomerTest()[pri:0, instance:Testng.AsertacitimeTest@5aa9e4eb]" name="modifycustomerTest" duration-ms="6" started-at="2020-01-04T17:00:40Z" finished-at="2020-01-04T17:00:40Z">
          <reporter-output>
          </reporter-output>
        </test-method> <!-- modifycustomerTest -->
        <test-method status="PASS" signature="configaftermtd()[pri:0, instance:Testng.AsertacitimeTest@5aa9e4eb]" name="configaftermtd" is-config="true" duration-ms="1" started-at="2020-01-04T17:00:40Z" finished-at="2020-01-04T17:00:40Z">
          <reporter-output>
          </reporter-output>
        </test-method> <!-- configaftermtd -->
        <test-method status="PASS" signature="configafterclass()[pri:0, instance:Testng.AsertacitimeTest@5aa9e4eb]" name="configafterclass" is-config="true" duration-ms="0" started-at="2020-01-04T17:00:40Z" finished-at="2020-01-04T17:00:40Z">
          <reporter-output>
          </reporter-output>
        </test-method> <!-- configafterclass -->
        <test-method status="PASS" signature="afterTest()[pri:0, instance:Testng.AsertacitimeTest@5aa9e4eb]" name="afterTest" is-config="true" duration-ms="1" started-at="2020-01-04T17:00:40Z" finished-at="2020-01-04T17:00:40Z">
          <reporter-output>
          </reporter-output>
        </test-method> <!-- afterTest -->
      </class> <!-- Testng.AsertacitimeTest -->
    </test> <!-- Default test -->
  </suite> <!-- Default suite -->
</testng-results>
