<?xml version="1.0" encoding="UTF-8"?>
<testng-results skipped="0" failed="0" total="1" passed="1">
  <reporter-output>
  </reporter-output>
  <suite name="Default suite" duration-ms="119" started-at="2017-10-29T16:42:53Z" finished-at="2017-10-29T16:42:54Z">
    <groups>
    </groups>
    <test name="Default test" duration-ms="119" started-at="2017-10-29T16:42:53Z" finished-at="2017-10-29T16:42:54Z">
      <class name="seleniumfile.Newfile">
        <test-method status="PASS" signature="profile()[pri:0, instance:seleniumfile.Newfile@685cb137]" name="profile" duration-ms="41" started-at="2017-10-29T22:12:53Z" finished-at="2017-10-29T22:12:54Z">
          <reporter-output>
          </reporter-output>
        </test-method> <!-- profile -->
      </class> <!-- seleniumfile.Newfile -->
    </test> <!-- Default test -->
  </suite> <!-- Default suite -->
</testng-results>
