<?xml version="1.0" encoding="UTF-8"?>
<testng-results skipped="0" failed="1" total="2" passed="1">
  <reporter-output>
  </reporter-output>
  <suite name="Suite" duration-ms="79778" started-at="2020-02-25T17:57:20Z" finished-at="2020-02-25T17:58:40Z">
    <groups>
    </groups>
    <test name="testng test" duration-ms="79778" started-at="2020-02-25T17:57:20Z" finished-at="2020-02-25T17:58:40Z">
      <class name="Parallelchrome.parallel">
        <test-method status="FAIL" signature="getFirefox()[pri:0, instance:Parallelchrome.parallel@573f2bb1]" name="getFirefox" duration-ms="44712" started-at="2020-02-25T23:27:20Z" finished-at="2020-02-25T23:28:05Z">
          <exception class="org.openqa.selenium.WebDriverException">
            <message>
              <![CDATA[newSession
Build info: version: '3.4.0', revision: 'unknown', time: 'unknown'
System info: host: '38FN-YNAR', ip: '192.168.1.26', os.name: 'Windows 10', os.arch: 'amd64', os.version: '10.0', java.version: '1.8.0_66'
Driver info: driver.version: FirefoxDriver
remote stacktrace: stack backtrace:
   0:           0x489f6f - <no info>
   1:           0x48ad59 - <no info>
   2:           0x43a15d - <no info>
   3:           0x4474c9 - <no info>
   4:           0x445208 - <no info>
   5:           0x41ddb1 - <no info>
   6:           0x4091c7 - <no info>
   7:           0x6bc939 - <no info>
   8:           0x415a19 - <no info>
   9:           0x6b6e43 - <no info>
  10:     0x7ffa8e787bd4 - BaseThreadInitThunk]]>
            </message>
            <full-stacktrace>
              <![CDATA[org.openqa.selenium.WebDriverException: newSession
Build info: version: '3.4.0', revision: 'unknown', time: 'unknown'
System info: host: '38FN-YNAR', ip: '192.168.1.26', os.name: 'Windows 10', os.arch: 'amd64', os.version: '10.0', java.version: '1.8.0_66'
Driver info: driver.version: FirefoxDriver
remote stacktrace: stack backtrace:
   0:           0x489f6f - <no info>
   1:           0x48ad59 - <no info>
   2:           0x43a15d - <no info>
   3:           0x4474c9 - <no info>
   4:           0x445208 - <no info>
   5:           0x41ddb1 - <no info>
   6:           0x4091c7 - <no info>
   7:           0x6bc939 - <no info>
   8:           0x415a19 - <no info>
   9:           0x6b6e43 - <no info>
  10:     0x7ffa8e787bd4 - BaseThreadInitThunk
	at sun.reflect.NativeConstructorAccessorImpl.newInstance0(Native Method)
	at sun.reflect.NativeConstructorAccessorImpl.newInstance(NativeConstructorAccessorImpl.java:62)
	at sun.reflect.DelegatingConstructorAccessorImpl.newInstance(DelegatingConstructorAccessorImpl.java:45)
	at java.lang.reflect.Constructor.newInstance(Constructor.java:422)
	at org.openqa.selenium.remote.W3CHandshakeResponse.lambda$new$0(W3CHandshakeResponse.java:57)
	at org.openqa.selenium.remote.W3CHandshakeResponse.lambda$getResponseFunction$2(W3CHandshakeResponse.java:104)
	at org.openqa.selenium.remote.ProtocolHandshake.lambda$createSession$22(ProtocolHandshake.java:365)
	at java.util.stream.ReferencePipeline$3$1.accept(ReferencePipeline.java:193)
	at java.util.Spliterators$ArraySpliterator.tryAdvance(Spliterators.java:958)
	at java.util.stream.ReferencePipeline.forEachWithCancel(ReferencePipeline.java:126)
	at java.util.stream.AbstractPipeline.copyIntoWithCancel(AbstractPipeline.java:498)
	at java.util.stream.AbstractPipeline.copyInto(AbstractPipeline.java:485)
	at java.util.stream.AbstractPipeline.wrapAndCopyInto(AbstractPipeline.java:471)
	at java.util.stream.FindOps$FindOp.evaluateSequential(FindOps.java:152)
	at java.util.stream.AbstractPipeline.evaluate(AbstractPipeline.java:234)
	at java.util.stream.ReferencePipeline.findFirst(ReferencePipeline.java:464)
	at org.openqa.selenium.remote.ProtocolHandshake.createSession(ProtocolHandshake.java:368)
	at org.openqa.selenium.remote.ProtocolHandshake.createSession(ProtocolHandshake.java:159)
	at org.openqa.selenium.remote.HttpCommandExecutor.execute(HttpCommandExecutor.java:142)
	at org.openqa.selenium.remote.service.DriverCommandExecutor.execute(DriverCommandExecutor.java:82)
	at org.openqa.selenium.remote.RemoteWebDriver.execute(RemoteWebDriver.java:637)
	at org.openqa.selenium.remote.RemoteWebDriver.startSession(RemoteWebDriver.java:250)
	at org.openqa.selenium.remote.RemoteWebDriver.startSession(RemoteWebDriver.java:236)
	at org.openqa.selenium.remote.RemoteWebDriver.<init>(RemoteWebDriver.java:137)
	at org.openqa.selenium.firefox.FirefoxDriver.<init>(FirefoxDriver.java:191)
	at org.openqa.selenium.firefox.FirefoxDriver.<init>(FirefoxDriver.java:108)
	at org.openqa.selenium.firefox.FirefoxDriver.<init>(FirefoxDriver.java:104)
	at Parallelchrome.parallel.getFirefox(parallel.java:14)
	at sun.reflect.NativeMethodAccessorImpl.invoke0(Native Method)
	at sun.reflect.NativeMethodAccessorImpl.invoke(NativeMethodAccessorImpl.java:62)
	at sun.reflect.DelegatingMethodAccessorImpl.invoke(DelegatingMethodAccessorImpl.java:43)
	at java.lang.reflect.Method.invoke(Method.java:497)
	at org.testng.internal.MethodInvocationHelper.invokeMethod(MethodInvocationHelper.java:80)
	at org.testng.internal.Invoker.invokeMethod(Invoker.java:714)
	at org.testng.internal.Invoker.invokeTestMethod(Invoker.java:901)
	at org.testng.internal.Invoker.invokeTestMethods(Invoker.java:1231)
	at org.testng.internal.TestMethodWorker.invokeTestMethods(TestMethodWorker.java:127)
	at org.testng.internal.TestMethodWorker.run(TestMethodWorker.java:111)
	at java.util.concurrent.ThreadPoolExecutor.runWorker(ThreadPoolExecutor.java:1142)
	at java.util.concurrent.ThreadPoolExecutor$Worker.run(ThreadPoolExecutor.java:617)
	at java.lang.Thread.run(Thread.java:745)
]]>
            </full-stacktrace>
          </exception> <!-- org.openqa.selenium.WebDriverException -->
          <reporter-output>
          </reporter-output>
        </test-method> <!-- getFirefox -->
      </class> <!-- Parallelchrome.parallel -->
      <class name="Parallelfirefox.parallelchrm">
        <test-method status="PASS" signature="getChorme()[pri:0, instance:Parallelfirefox.parallelchrm@32e6e9c3]" name="getChorme" duration-ms="79749" started-at="2020-02-25T23:27:20Z" finished-at="2020-02-25T23:28:40Z">
          <reporter-output>
          </reporter-output>
        </test-method> <!-- getChorme -->
      </class> <!-- Parallelfirefox.parallelchrm -->
    </test> <!-- testng test -->
  </suite> <!-- Suite -->
</testng-results>
