<?xml version="1.0" encoding="UTF-8"?>
<!-- Generated by org.testng.reporters.JUnitXMLReporter -->
<testsuite hostname="38fn-ynar" name="DataProviderTest" tests="3" failures="0" timestamp="23 Nov 2018 17:53:43 GMT" time="0.016" errors="0">
  <testcase name="test" time="0.001" classname="testNG.DataProviderTest"/>
  <testcase name="test" time="0.005" classname="testNG.DataProviderTest"/>
  <testcase name="test" time="0.001" classname="testNG.DataProviderTest"/>
</testsuite> <!-- DataProviderTest -->
