<?xml version="1.0" encoding="UTF-8"?>
<!-- Generated by org.testng.reporters.JUnitXMLReporter -->
<testsuite hostname="38fn-ynar" name="DataProviderTest" tests="3" failures="0" timestamp="22 Nov 2019 17:48:48 GMT" time="0.038" errors="0">
  <testcase name="test" time="0.003" classname="testNG.DataProviderTest"/>
  <testcase name="test" time="0.002" classname="testNG.DataProviderTest"/>
  <testcase name="test" time="0.006" classname="testNG.DataProviderTest"/>
</testsuite> <!-- DataProviderTest -->
