<?xml version="1.0" encoding="UTF-8"?>
<testng-results skipped="0" failed="0" total="2" passed="2">
  <reporter-output>
  </reporter-output>
  <suite name="Default suite" duration-ms="72" started-at="2020-03-14T14:14:29Z" finished-at="2020-03-14T14:14:29Z">
    <groups>
    </groups>
    <test name="Default test" duration-ms="72" started-at="2020-03-14T14:14:29Z" finished-at="2020-03-14T14:14:29Z">
      <class name="testNG.DataProviderTest">
        <test-method status="PASS" signature="test(java.lang.String, java.lang.String)[pri:0, instance:testNG.DataProviderTest@5ec0a365]" name="test" duration-ms="24" started-at="2020-03-14T19:44:29Z" data-provider="data" finished-at="2020-03-14T19:44:29Z">
          <params>
            <param index="0">
              <value>
                <![CDATA[userName1]]>
              </value>
            </param>
            <param index="1">
              <value>
                <![CDATA[passowrd1]]>
              </value>
            </param>
          </params>
          <reporter-output>
          </reporter-output>
        </test-method> <!-- test -->
        <test-method status="PASS" signature="test(java.lang.String, java.lang.String)[pri:0, instance:testNG.DataProviderTest@5ec0a365]" name="test" duration-ms="5" started-at="2020-03-14T19:44:29Z" data-provider="data" finished-at="2020-03-14T19:44:29Z">
          <params>
            <param index="0">
              <value>
                <![CDATA[userName2]]>
              </value>
            </param>
            <param index="1">
              <value>
                <![CDATA[passowrd2]]>
              </value>
            </param>
          </params>
          <reporter-output>
          </reporter-output>
        </test-method> <!-- test -->
      </class> <!-- testNG.DataProviderTest -->
    </test> <!-- Default test -->
  </suite> <!-- Default suite -->
</testng-results>
